867 epoch: 1 step: 1079 total_loss: 0.20270
1934 epoch: 2 step: 1079 total_loss: 0.19500
2677 epoch: 3 step: 1079 total_loss: 0.10532
3647 epoch: 4 step: 1079 total_loss: 0.13626
4485 epoch: 5 step: 1079 total_loss: 0.09973
5226 epoch: 6 step: 1079 total_loss: 0.07708
5969 epoch: 7 step: 1079 total_loss: 0.15897
6710 epoch: 8 step: 1079 total_loss: 0.22253
7454 epoch: 9 step: 1079 total_loss: 0.07243
8199 epoch: 10 step: 1079 total_loss: 0.15997
8942 epoch: 11 step: 1079 total_loss: 0.14334
9681 epoch: 12 step: 1079 total_loss: 0.19502
10424 epoch: 13 step: 1079 total_loss: 0.09869
11166 epoch: 14 step: 1079 total_loss: 0.06915
11907 epoch: 15 step: 1079 total_loss: 0.11943
12648 epoch: 16 step: 1079 total_loss: 0.10634
13387 epoch: 17 step: 1079 total_loss: 0.02893
14128 epoch: 18 step: 1079 total_loss: 0.03553
14866 epoch: 19 step: 1079 total_loss: 0.06099
15606 epoch: 20 step: 1079 total_loss: 0.07535
16343 epoch: 21 step: 1079 total_loss: 0.02411
17078 epoch: 22 step: 1079 total_loss: 0.06108
17816 epoch: 23 step: 1079 total_loss: 0.05072
18554 epoch: 24 step: 1079 total_loss: 0.03510
19291 epoch: 25 step: 1079 total_loss: 0.02383
20028 epoch: 26 step: 1079 total_loss: 0.02008
20766 epoch: 27 step: 1079 total_loss: 0.03894
21505 epoch: 28 step: 1079 total_loss: 0.03636
22243 epoch: 29 step: 1079 total_loss: 0.01854
22980 epoch: 30 step: 1079 total_loss: 0.03974
23718 epoch: 31 step: 1079 total_loss: 0.05706
24456 epoch: 32 step: 1079 total_loss: 0.03694
25193 epoch: 33 step: 1079 total_loss: 0.13281
25930 epoch: 34 step: 1079 total_loss: 0.04010
26668 epoch: 35 step: 1079 total_loss: 0.03555
27405 epoch: 36 step: 1079 total_loss: 0.01884
28142 epoch: 37 step: 1079 total_loss: 0.08641
28877 epoch: 38 step: 1079 total_loss: 0.02058
29612 epoch: 39 step: 1079 total_loss: 0.13605
30348 epoch: 40 step: 1079 total_loss: 0.04057
31085 epoch: 41 step: 1079 total_loss: 0.02471
31821 epoch: 42 step: 1079 total_loss: 0.03722
32558 epoch: 43 step: 1079 total_loss: 0.01998
33294 epoch: 44 step: 1079 total_loss: 0.01710
34031 epoch: 45 step: 1079 total_loss: 0.01704
34768 epoch: 46 step: 1079 total_loss: 0.02732
35503 epoch: 47 step: 1079 total_loss: 0.04936
36239 epoch: 48 step: 1079 total_loss: 0.08765
36976 epoch: 49 step: 1079 total_loss: 0.06596
37711 epoch: 50 step: 1079 total_loss: 0.02783
38446 epoch: 51 step: 1079 total_loss: 0.04948
39184 epoch: 52 step: 1079 total_loss: 0.03194
39919 epoch: 53 step: 1079 total_loss: 0.04840
40655 epoch: 54 step: 1079 total_loss: 0.06046
41391 epoch: 55 step: 1079 total_loss: 0.05378
42128 epoch: 56 step: 1079 total_loss: 0.05499
42862 epoch: 57 step: 1079 total_loss: 0.04383
43599 epoch: 58 step: 1079 total_loss: 0.09780
44335 epoch: 59 step: 1079 total_loss: 0.04598
45071 epoch: 60 step: 1079 total_loss: 0.03807
45806 epoch: 61 step: 1079 total_loss: 0.06533
46542 epoch: 62 step: 1079 total_loss: 0.05309
47279 epoch: 63 step: 1079 total_loss: 0.03422
48014 epoch: 64 step: 1079 total_loss: 0.06247
48750 epoch: 65 step: 1079 total_loss: 0.03811
49484 epoch: 66 step: 1079 total_loss: 0.05263
50219 epoch: 67 step: 1079 total_loss: 0.04840
50956 epoch: 68 step: 1079 total_loss: 0.03680
51691 epoch: 69 step: 1079 total_loss: 0.04517
52426 epoch: 70 step: 1079 total_loss: 0.10407
53161 epoch: 71 step: 1079 total_loss: 0.06749
53898 epoch: 72 step: 1079 total_loss: 0.02789
54635 epoch: 73 step: 1079 total_loss: 0.02554
55373 epoch: 74 step: 1079 total_loss: 0.04071
56111 epoch: 75 step: 1079 total_loss: 0.07569
56847 epoch: 76 step: 1079 total_loss: 0.09190
57584 epoch: 77 step: 1079 total_loss: 0.02091
58634 epoch: 78 step: 1079 total_loss: 0.11641
59371 epoch: 79 step: 1079 total_loss: 0.02557
60108 epoch: 80 step: 1079 total_loss: 0.07277
60852 epoch: 81 step: 1079 total_loss: 0.02297
61907 epoch: 82 step: 1079 total_loss: 0.05216
62727 epoch: 83 step: 1079 total_loss: 0.04042
63697 epoch: 84 step: 1079 total_loss: 0.09219
64434 epoch: 85 step: 1079 total_loss: 0.05898
65171 epoch: 86 step: 1079 total_loss: 0.02137
65908 epoch: 87 step: 1079 total_loss: 0.02358
66645 epoch: 88 step: 1079 total_loss: 0.03151
67382 epoch: 89 step: 1079 total_loss: 0.02636
68119 epoch: 90 step: 1079 total_loss: 0.03868
68856 epoch: 91 step: 1079 total_loss: 0.09581
69593 epoch: 92 step: 1079 total_loss: 0.02819
70327 epoch: 93 step: 1079 total_loss: 0.08685
71065 epoch: 94 step: 1079 total_loss: 0.03500
71800 epoch: 95 step: 1079 total_loss: 0.09856
72534 epoch: 96 step: 1079 total_loss: 0.01326
73269 epoch: 97 step: 1079 total_loss: 0.03485
74006 epoch: 98 step: 1079 total_loss: 0.03295
74744 epoch: 99 step: 1079 total_loss: 0.01567
75479 epoch: 100 step: 1079 total_loss: 0.05559
